# [info] vertex 32800 face 66252
[mesh_0_num_of_vertices] 32800
[mesh_0_num_of_faces] 66252
./thingk10/37402_sf.obj 66252 triangles
# [info] vertex 24966 face 8322
[mesh_1_num_of_vertices] 24966
[mesh_1_num_of_faces] 8322
./thingk10/37402.obj 8322 triangles
[rel_error_bound] 0.01
[stop_condition] rel
[bvh_build_cost] 1205.44



########  calculation result  ########
[first_travel_bound] 5.49496 - 5.95956
[distance] 5.49496 - 5.49496
[max_point] 1.75563 18.1652 19.5104
[mean_distance] 5.49496


########  performance summary  ########
[first_travel_cost] 251.266
[reduce_bound_cost] 3.62948
[total_cost] 254.895
[voronoi_count] 0
[mid_subdivide_count] 11
[total_subdivision_count] 11
[point_triangle_distance_count] 77200
[triangle_triangle_distance_count] 0


########  reverse check  ########
[reverse_check_result] 5.49496
[reverse_check_primitive_id] 1110
