# [info] vertex 1778 face 3556
[mesh_0_num_of_vertices] 1778
[mesh_0_num_of_faces] 3556
./thingk10/38035_sf.obj 3556 triangles
# [info] vertex 11436 face 3812
[mesh_1_num_of_vertices] 11436
[mesh_1_num_of_faces] 3812
./thingk10/38035.obj 3812 triangles
[rel_error_bound] 0.01
[stop_condition] rel
[bvh_build_cost] 100.064



########  calculation result  ########
[first_travel_bound] 0.0450667 - 4.75307
[distance] 0.0815852 - 0.0822986
[max_point] 17.411 -50.5071 0.0822815
[mean_distance] 0.0819419


########  performance summary  ########
[first_travel_cost] 353.736
[reduce_bound_cost] 17878
[total_cost] 18231.7
[voronoi_count] 0
[mid_subdivide_count] 231152
[total_subdivision_count] 231152
[point_triangle_distance_count] 6157554
[triangle_triangle_distance_count] 0


########  reverse check  ########
[reverse_check_result] 0.0815852
[reverse_check_primitive_id] 3048
