# [info] vertex 2244 face 4288
[mesh_0_num_of_vertices] 2244
[mesh_0_num_of_faces] 4288
./sample_data/model/inspired_mesh-smooth.obj 4288 triangles
# [info] vertex 2244 face 4288
[mesh_1_num_of_vertices] 2244
[mesh_1_num_of_faces] 4288
./sample_data/model/inspired_mesh.obj 4288 triangles
[rel_error_bound] 0.01
[stop_condition] rel
[bvh_build_cost] 70.31
[culling rate] 0.594683


########  calculation result  ########
[first_travel_bound] 0.0185456 - 0.0390541
[distance] 0.0197254 - 0.0199205
[max_point] 22.5852 3.00468 5.2327
[mean_distance] 0.019823


########  performance summary  ########
[first_travel_cost] 14.9145
[reduce_bound_cost] 244.158
[total_cost] 259.073
[voronoi_count] 0
[mid_subdivide_count] 95446
[total_subdivision_count] 95446
[point_triangle_distance_count] 2031602
[triangle_triangle_distance_count] 0


########  reverse check  ########
[reverse_check_result] 0.0197254
[reverse_check_primitive_id] 1977
