# [info] vertex 1581 face 3625
[mesh_0_num_of_vertices] 1581
[mesh_0_num_of_faces] 3625
./thingk10/39635_sf.obj 3625 triangles
# [info] vertex 14010 face 4670
[mesh_1_num_of_vertices] 14010
[mesh_1_num_of_faces] 4670
./thingk10/39635.obj 4670 triangles
[rel_error_bound] 0.01
[stop_condition] rel
[bvh_build_cost] 61.361
[culling rate] 0.987586


########  calculation result  ########
[first_travel_bound] 3.73512 - 3.75035
[distance] 3.73512 - 3.75035
[max_point] -24.7582 -11.9818 5.30673
[mean_distance] 3.74273


########  performance summary  ########
[first_travel_cost] 2.54377
[reduce_bound_cost] 0.01623
[total_cost] 2.56
[voronoi_count] 0
[mid_subdivide_count] 0
[total_subdivision_count] 0
[point_triangle_distance_count] 15412
[triangle_triangle_distance_count] 0


########  reverse check  ########
[reverse_check_result] 3.73512
[reverse_check_primitive_id] 77
