[num_threads] 8

[mesh_0_num_of_vertices] 112455
[mesh_0_num_of_faces] 224906
./sample_data/model/bimba-smooth.obj 224906 triangles
[mesh_1_num_of_vertices] 112455
[mesh_1_num_of_faces] 224906
./sample_data/model/bimba.obj 224906 triangles
[rel_error_bound] 0.01
[stop_condition] rel
[bvh_build_cost] 7856.76


########  calculation result  ########
[first_travel_bound] 0.000505164 - 0.00140061
[distance] 0.000526484 - 0.000530986
[max_point] -0.0845112 -0.0296215 -1.14664
[mean_distance] 0.000528735


########  performance summary  ########
[first_travel_cost] 3907.86
[reduce_bound_cost] 4.98787
[total_cost] 3912.85
[voronoi_count] 0
[mid_subdivide_count] 232
[total_subdivision_count] 232
[point_triangle_distance_count] 6279740
[triangle_triangle_distance_count] 0


########  reverse check  ########
[reverse_check_result] 0.000526484
[reverse_check_primitive_id] 3254
