[num_threads] 8

[mesh_0_num_of_vertices] 1250
[mesh_0_num_of_faces] 2496
./sample_data/model/bumpy-smooth.obj 2496 triangles
[mesh_1_num_of_vertices] 1250
[mesh_1_num_of_faces] 2496
./sample_data/model/bumpy.obj 2496 triangles
[rel_error_bound] 0.01
[stop_condition] rel
[bvh_build_cost] 66.0341


########  calculation result  ########
[first_travel_bound] 0.0801837 - 0.113859
[distance] 0.0811021 - 0.0816982
[max_point] -4.30884e-10 0.238662 4.24564
[mean_distance] 0.0814002


########  performance summary  ########
[first_travel_cost] 55.8869
[reduce_bound_cost] 59.3941
[total_cost] 115.281
[voronoi_count] 0
[mid_subdivide_count] 2307
[total_subdivision_count] 2307
[point_triangle_distance_count] 128699
[triangle_triangle_distance_count] 0


########  reverse check  ########
[reverse_check_result] 0.0811021
[reverse_check_primitive_id] 149
