[num_threads] 8

[mesh_0_num_of_vertices] 25905
[mesh_0_num_of_faces] 51712
./sample_data/model/face-smooth.obj 51712 triangles
[mesh_1_num_of_vertices] 25905
[mesh_1_num_of_faces] 51712
./sample_data/model/face.obj 51712 triangles
[rel_error_bound] 0.01
[stop_condition] rel
[bvh_build_cost] 1624.35


########  calculation result  ########
[first_travel_bound] 0.0509015 - 0.143529
[distance] 0.0509015 - 0.0514086
[max_point] -12.0748 153.116 -6.49996
[mean_distance] 0.0511551


########  performance summary  ########
[first_travel_cost] 879.463
[reduce_bound_cost] 768.968
[total_cost] 1648.43
[voronoi_count] 0
[mid_subdivide_count] 98603
[total_subdivision_count] 98603
[point_triangle_distance_count] 3808461
[triangle_triangle_distance_count] 0


########  reverse check  ########
[reverse_check_result] 0.0509015
[reverse_check_primitive_id] 21133
