[num_threads] 8

[mesh_0_num_of_vertices] 1775
[mesh_0_num_of_faces] 3426
./sample_data/model/hand-tri-smooth.obj 3426 triangles
[mesh_1_num_of_vertices] 1775
[mesh_1_num_of_faces] 3426
./sample_data/model/hand-tri.obj 3426 triangles
[rel_error_bound] 0.01
[stop_condition] rel
[bvh_build_cost] 136.139


########  calculation result  ########
[first_travel_bound] 3.01976 - 3.33449
[distance] 3.10234 - 3.12041
[max_point] -81.315 34.1662 0.867135
[mean_distance] 3.11137


########  performance summary  ########
[first_travel_cost] 76.1842
[reduce_bound_cost] 2.13478
[total_cost] 78.319
[voronoi_count] 0
[mid_subdivide_count] 59
[total_subdivision_count] 59
[point_triangle_distance_count] 107013
[triangle_triangle_distance_count] 0


########  reverse check  ########
[reverse_check_result] 3.10234
[reverse_check_primitive_id] 1077
