[num_threads] 8

[mesh_0_num_of_vertices] 6002
[mesh_0_num_of_faces] 12000
./sample_data/model/homer-smooth.obj 12000 triangles
[mesh_1_num_of_vertices] 6002
[mesh_1_num_of_faces] 12000
./sample_data/model/homer.obj 12000 triangles
[rel_error_bound] 0.01
[stop_condition] rel
[bvh_build_cost] 338.218


########  calculation result  ########
[first_travel_bound] 0.00461967 - 0.00570575
[distance] 0.00479687 - 0.00482933
[max_point] 0.538983 0.75137 0.545408
[mean_distance] 0.0048131


########  performance summary  ########
[first_travel_cost] 239.538
[reduce_bound_cost] 2.87784
[total_cost] 242.416
[voronoi_count] 0
[mid_subdivide_count] 59
[total_subdivision_count] 59
[point_triangle_distance_count] 378143
[triangle_triangle_distance_count] 0


########  reverse check  ########
[reverse_check_result] 0.00479687
[reverse_check_primitive_id] 4768
