[num_threads] 8

[mesh_0_num_of_vertices] 48485
[mesh_0_num_of_faces] 96966
./sample_data/model/horse-smooth.obj 96966 triangles
[mesh_1_num_of_vertices] 48485
[mesh_1_num_of_faces] 96966
./sample_data/model/horse.obj 96966 triangles
[rel_error_bound] 0.01
[stop_condition] rel
[bvh_build_cost] 3278.09


########  calculation result  ########
[first_travel_bound] 0.000677331 - 0.00167381
[distance] 0.000777314 - 0.000784346
[max_point] 0.0292579 -0.0556966 -0.0181357
[mean_distance] 0.00078083


########  performance summary  ########
[first_travel_cost] 1210.2
[reduce_bound_cost] 6.64137
[total_cost] 1216.84
[voronoi_count] 0
[mid_subdivide_count] 218
[total_subdivision_count] 218
[point_triangle_distance_count] 1915335
[triangle_triangle_distance_count] 0


########  reverse check  ########
[reverse_check_result] 0.000777314
[reverse_check_primitive_id] 22491
