[num_threads] 8

[mesh_0_num_of_vertices] 871
[mesh_0_num_of_faces] 1653
./sample_data/model/snail-smooth.obj 1653 triangles
[mesh_1_num_of_vertices] 871
[mesh_1_num_of_faces] 1653
./sample_data/model/snail.obj 1653 triangles
[rel_error_bound] 0.01
[stop_condition] rel
[bvh_build_cost] 55.7024


########  calculation result  ########
[first_travel_bound] 0.0108395 - 0.039445
[distance] 0.0120305 - 0.0121504
[max_point] 1.79249 -0.104153 -0.681471
[mean_distance] 0.0120904


########  performance summary  ########
[first_travel_cost] 52.7528
[reduce_bound_cost] 41.2283
[total_cost] 93.9811
[voronoi_count] 0
[mid_subdivide_count] 1435
[total_subdivision_count] 1435
[point_triangle_distance_count] 78972
[triangle_triangle_distance_count] 0


########  reverse check  ########
[reverse_check_result] 0.0120305
[reverse_check_primitive_id] 1639
